<?xml version="1.0" encoding="UTF-8"?>
<testng-results skipped="0" failed="0" ignored="0" total="1" passed="1">
  <reporter-output>
  </reporter-output>
  <suite name="Suite" duration-ms="27679" started-at="2020-04-15T08:19:21Z" finished-at="2020-04-15T08:19:48Z">
    <groups>
    </groups>
    <test name="Tester" duration-ms="27679" started-at="2020-04-15T08:19:21Z" finished-at="2020-04-15T08:19:48Z">
      <class name="com.corona.smoke.TestFBinvalidLogin">
        <test-method status="PASS" signature="preconditions()[pri:0, instance:com.corona.smoke.TestFBinvalidLogin@be92ad]" name="preconditions" is-config="true" duration-ms="26004" started-at="2020-04-15T13:49:21Z" finished-at="2020-04-15T13:49:47Z">
          <reporter-output>
          </reporter-output>
        </test-method> <!-- preconditions -->
        <test-method status="PASS" signature="f()[pri:0, instance:com.corona.smoke.TestFBinvalidLogin@be92ad]" name="f" duration-ms="1323" started-at="2020-04-15T13:49:47Z" finished-at="2020-04-15T13:49:48Z">
          <reporter-output>
          </reporter-output>
        </test-method> <!-- f -->
        <test-method status="PASS" signature="postcondition()[pri:0, instance:com.corona.smoke.TestFBinvalidLogin@be92ad]" name="postcondition" is-config="true" duration-ms="289" started-at="2020-04-15T13:49:48Z" finished-at="2020-04-15T13:49:48Z">
          <reporter-output>
          </reporter-output>
        </test-method> <!-- postcondition -->
      </class> <!-- com.corona.smoke.TestFBinvalidLogin -->
    </test> <!-- Tester -->
  </suite> <!-- Suite -->
</testng-results>
